2018-08-14 15:27:36.681 [main] INFO  BrokerImpl -Load Auth Listeners
2018-08-14 15:27:36.686 [main] INFO  BrokerImpl -Found Event: addTenant
2018-08-14 15:27:36.687 [main] INFO  BrokerImpl -	Event Listener: com.bluenimble.platform.servers.broker.listeners.impls.manager.AddTenantEventListener@41f69e84
2018-08-14 15:27:36.690 [main] INFO  BrokerImpl -	Listener addTenant added
2018-08-14 15:27:36.690 [main] INFO  BrokerImpl -Found Event: blockTenant
2018-08-14 15:27:36.691 [main] INFO  BrokerImpl -	Event Listener: com.bluenimble.platform.servers.broker.listeners.impls.manager.BlockTenantEventListener@6bb4dd34
2018-08-14 15:27:36.691 [main] INFO  BrokerImpl -	Listener blockTenant added
2018-08-14 15:27:36.691 [main] INFO  BrokerImpl -Found Event: deleteTenant
2018-08-14 15:27:36.692 [main] INFO  BrokerImpl -	Event Listener: com.bluenimble.platform.servers.broker.listeners.impls.manager.DeleteTenantEventListener@4b8729ff
2018-08-14 15:27:36.692 [main] INFO  BrokerImpl -	Listener deleteTenant added
2018-08-14 15:27:36.692 [main] INFO  BrokerImpl -Found Event: join
2018-08-14 15:27:36.693 [main] INFO  BrokerImpl -	Event Listener: com.bluenimble.platform.servers.broker.listeners.impls.JoinEventListener@383dc82c
2018-08-14 15:27:36.694 [main] INFO  BrokerImpl -	Listener join added
2018-08-14 15:27:36.694 [main] INFO  BrokerImpl -Found Event: leave
2018-08-14 15:27:36.695 [main] INFO  BrokerImpl -	Event Listener: com.bluenimble.platform.servers.broker.listeners.impls.LeaveEventListener@7d7758be
2018-08-14 15:27:36.695 [main] INFO  BrokerImpl -	Listener leave added
2018-08-14 15:27:36.696 [main] INFO  BrokerImpl -Found Event: publish
2018-08-14 15:27:36.696 [main] INFO  BrokerImpl -	Event Listener: com.bluenimble.platform.servers.broker.listeners.impls.PublishEventListener@68746f22
2018-08-14 15:27:36.697 [main] INFO  BrokerImpl -	Listener publish added
2018-08-14 15:27:36.699 [main] INFO  SocketIOServer -Session store / pubsub factory used: MemoryStoreFactory (local session store only)
2018-08-14 15:28:06.988 [nioEventLoopGroup-2-1] INFO  SocketIOServer -SocketIO server started at port: 9696
2018-08-14 15:28:11.643 [nioEventLoopGroup-3-1] INFO  SelectiveAuthorizationListener -check auth listener default
2018-08-14 15:28:11.647 [nioEventLoopGroup-3-1] INFO  SelectiveAuthorizationListener -	authorized: true
2018-08-14 15:28:18.529 [nioEventLoopGroup-3-2] INFO  SelectiveAuthorizationListener -check auth listener default
2018-08-14 15:28:18.530 [nioEventLoopGroup-3-2] INFO  SelectiveAuthorizationListener -	authorized: true
